{"/mnt/Files-2tb/repos/AncletoCoffeeWorld/Coffee-World/js/game-engine.js": {"path":"/mnt/Files-2tb/repos/AncletoCoffeeWorld/Coffee-World/js/game-engine.js","all":false,"statementMap":{"0":{"start":{"line":1,"column":0},"end":{"line":1,"column":32}},"1":{"start":{"line":2,"column":0},"end":{"line":2,"column":97}},"2":{"start":{"line":3,"column":0},"end":{"line":3,"column":107}},"3":{"start":{"line":4,"column":0},"end":{"line":4,"column":107}},"4":{"start":{"line":5,"column":0},"end":{"line":5,"column":84}},"5":{"start":{"line":6,"column":0},"end":{"line":6,"column":94}},"6":{"start":{"line":7,"column":0},"end":{"line":7,"column":84}},"7":{"start":{"line":8,"column":0},"end":{"line":8,"column":86}},"8":{"start":{"line":9,"column":0},"end":{"line":9,"column":84}},"9":{"start":{"line":10,"column":0},"end":{"line":10,"column":89}},"10":{"start":{"line":11,"column":0},"end":{"line":11,"column":96}},"11":{"start":{"line":12,"column":0},"end":{"line":12,"column":2}},"12":{"start":{"line":13,"column":0},"end":{"line":13,"column":0}},"13":{"start":{"line":14,"column":0},"end":{"line":14,"column":26}},"14":{"start":{"line":15,"column":0},"end":{"line":15,"column":50}},"15":{"start":{"line":16,"column":0},"end":{"line":16,"column":51}},"16":{"start":{"line":17,"column":0},"end":{"line":17,"column":51}},"17":{"start":{"line":18,"column":0},"end":{"line":18,"column":52}},"18":{"start":{"line":19,"column":0},"end":{"line":19,"column":52}},"19":{"start":{"line":20,"column":0},"end":{"line":20,"column":52}},"20":{"start":{"line":21,"column":0},"end":{"line":21,"column":2}},"21":{"start":{"line":22,"column":0},"end":{"line":22,"column":0}},"22":{"start":{"line":23,"column":0},"end":{"line":23,"column":30}},"23":{"start":{"line":24,"column":0},"end":{"line":24,"column":121}},"24":{"start":{"line":25,"column":0},"end":{"line":25,"column":129}},"25":{"start":{"line":26,"column":0},"end":{"line":26,"column":120}},"26":{"start":{"line":27,"column":0},"end":{"line":27,"column":133}},"27":{"start":{"line":28,"column":0},"end":{"line":28,"column":122}},"28":{"start":{"line":29,"column":0},"end":{"line":29,"column":123}},"29":{"start":{"line":30,"column":0},"end":{"line":30,"column":2}},"30":{"start":{"line":31,"column":0},"end":{"line":31,"column":0}},"31":{"start":{"line":32,"column":0},"end":{"line":32,"column":59}},"32":{"start":{"line":33,"column":0},"end":{"line":33,"column":39}},"33":{"start":{"line":34,"column":0},"end":{"line":34,"column":74}},"34":{"start":{"line":35,"column":0},"end":{"line":35,"column":1}},"35":{"start":{"line":36,"column":0},"end":{"line":36,"column":0}},"36":{"start":{"line":37,"column":0},"end":{"line":37,"column":57}},"37":{"start":{"line":38,"column":0},"end":{"line":38,"column":37}},"38":{"start":{"line":39,"column":0},"end":{"line":39,"column":74}},"39":{"start":{"line":40,"column":0},"end":{"line":40,"column":1}},"40":{"start":{"line":41,"column":0},"end":{"line":41,"column":0}},"41":{"start":{"line":42,"column":0},"end":{"line":42,"column":43}},"42":{"start":{"line":43,"column":0},"end":{"line":43,"column":48}},"43":{"start":{"line":44,"column":0},"end":{"line":44,"column":58}},"44":{"start":{"line":45,"column":0},"end":{"line":45,"column":42}},"45":{"start":{"line":46,"column":0},"end":{"line":46,"column":54}},"46":{"start":{"line":47,"column":0},"end":{"line":47,"column":66}},"47":{"start":{"line":48,"column":0},"end":{"line":48,"column":62}},"48":{"start":{"line":49,"column":0},"end":{"line":49,"column":62}},"49":{"start":{"line":50,"column":0},"end":{"line":50,"column":64}},"50":{"start":{"line":51,"column":0},"end":{"line":51,"column":64}},"51":{"start":{"line":52,"column":0},"end":{"line":52,"column":66}},"52":{"start":{"line":53,"column":0},"end":{"line":53,"column":78}},"53":{"start":{"line":54,"column":0},"end":{"line":54,"column":0}},"54":{"start":{"line":55,"column":0},"end":{"line":55,"column":54}},"55":{"start":{"line":56,"column":0},"end":{"line":56,"column":32}},"56":{"start":{"line":57,"column":0},"end":{"line":57,"column":5}},"57":{"start":{"line":58,"column":0},"end":{"line":58,"column":56}},"58":{"start":{"line":59,"column":0},"end":{"line":59,"column":34}},"59":{"start":{"line":60,"column":0},"end":{"line":60,"column":5}},"60":{"start":{"line":61,"column":0},"end":{"line":61,"column":0}},"61":{"start":{"line":62,"column":0},"end":{"line":62,"column":39}},"62":{"start":{"line":63,"column":0},"end":{"line":63,"column":44}},"63":{"start":{"line":64,"column":0},"end":{"line":64,"column":54}},"64":{"start":{"line":65,"column":0},"end":{"line":65,"column":62}},"65":{"start":{"line":66,"column":0},"end":{"line":66,"column":21}},"66":{"start":{"line":67,"column":0},"end":{"line":67,"column":9}},"67":{"start":{"line":68,"column":0},"end":{"line":68,"column":56}},"68":{"start":{"line":69,"column":0},"end":{"line":69,"column":87}},"69":{"start":{"line":70,"column":0},"end":{"line":70,"column":5}},"70":{"start":{"line":71,"column":0},"end":{"line":71,"column":1}},"71":{"start":{"line":72,"column":0},"end":{"line":72,"column":0}},"72":{"start":{"line":73,"column":0},"end":{"line":73,"column":41}},"73":{"start":{"line":74,"column":0},"end":{"line":74,"column":56}},"74":{"start":{"line":75,"column":0},"end":{"line":75,"column":1}},"75":{"start":{"line":76,"column":0},"end":{"line":76,"column":0}},"76":{"start":{"line":77,"column":0},"end":{"line":77,"column":44}},"77":{"start":{"line":78,"column":0},"end":{"line":78,"column":39}},"78":{"start":{"line":79,"column":0},"end":{"line":79,"column":39}},"79":{"start":{"line":80,"column":0},"end":{"line":80,"column":39}},"80":{"start":{"line":81,"column":0},"end":{"line":81,"column":39}},"81":{"start":{"line":82,"column":0},"end":{"line":82,"column":38}},"82":{"start":{"line":83,"column":0},"end":{"line":83,"column":13}},"83":{"start":{"line":84,"column":0},"end":{"line":84,"column":1}},"84":{"start":{"line":85,"column":0},"end":{"line":85,"column":0}},"85":{"start":{"line":86,"column":0},"end":{"line":86,"column":39}},"86":{"start":{"line":87,"column":0},"end":{"line":87,"column":56}},"87":{"start":{"line":88,"column":0},"end":{"line":88,"column":144}},"88":{"start":{"line":89,"column":0},"end":{"line":89,"column":1}},"89":{"start":{"line":90,"column":0},"end":{"line":90,"column":0}},"90":{"start":{"line":91,"column":0},"end":{"line":91,"column":47}},"91":{"start":{"line":92,"column":0},"end":{"line":92,"column":47}},"92":{"start":{"line":93,"column":0},"end":{"line":93,"column":31}},"93":{"start":{"line":94,"column":0},"end":{"line":94,"column":0}},"94":{"start":{"line":95,"column":0},"end":{"line":95,"column":41}},"95":{"start":{"line":96,"column":0},"end":{"line":96,"column":56}},"96":{"start":{"line":97,"column":0},"end":{"line":97,"column":49}},"97":{"start":{"line":98,"column":0},"end":{"line":98,"column":46}},"98":{"start":{"line":99,"column":0},"end":{"line":99,"column":0}},"99":{"start":{"line":100,"column":0},"end":{"line":100,"column":58}},"100":{"start":{"line":101,"column":0},"end":{"line":101,"column":62}},"101":{"start":{"line":102,"column":0},"end":{"line":102,"column":25}},"102":{"start":{"line":103,"column":0},"end":{"line":103,"column":9}},"103":{"start":{"line":104,"column":0},"end":{"line":104,"column":5}},"104":{"start":{"line":105,"column":0},"end":{"line":105,"column":0}},"105":{"start":{"line":106,"column":0},"end":{"line":106,"column":103}},"106":{"start":{"line":107,"column":0},"end":{"line":107,"column":21}},"107":{"start":{"line":108,"column":0},"end":{"line":108,"column":5}},"108":{"start":{"line":109,"column":0},"end":{"line":109,"column":0}},"109":{"start":{"line":110,"column":0},"end":{"line":110,"column":30}},"110":{"start":{"line":111,"column":0},"end":{"line":111,"column":21}},"111":{"start":{"line":112,"column":0},"end":{"line":112,"column":5}},"112":{"start":{"line":113,"column":0},"end":{"line":113,"column":0}},"113":{"start":{"line":114,"column":0},"end":{"line":114,"column":25}},"114":{"start":{"line":115,"column":0},"end":{"line":115,"column":23}},"115":{"start":{"line":116,"column":0},"end":{"line":116,"column":42}},"116":{"start":{"line":117,"column":0},"end":{"line":117,"column":52}},"117":{"start":{"line":118,"column":0},"end":{"line":118,"column":64}},"118":{"start":{"line":119,"column":0},"end":{"line":119,"column":16}},"119":{"start":{"line":120,"column":0},"end":{"line":120,"column":1}},"120":{"start":{"line":121,"column":0},"end":{"line":121,"column":0}},"121":{"start":{"line":122,"column":0},"end":{"line":122,"column":64}},"122":{"start":{"line":123,"column":0},"end":{"line":123,"column":30}},"123":{"start":{"line":124,"column":0},"end":{"line":124,"column":36}},"124":{"start":{"line":125,"column":0},"end":{"line":125,"column":25}},"125":{"start":{"line":126,"column":0},"end":{"line":126,"column":5}},"126":{"start":{"line":127,"column":0},"end":{"line":127,"column":111}},"127":{"start":{"line":128,"column":0},"end":{"line":128,"column":41}},"128":{"start":{"line":129,"column":0},"end":{"line":129,"column":5}},"129":{"start":{"line":130,"column":0},"end":{"line":130,"column":21}},"130":{"start":{"line":131,"column":0},"end":{"line":131,"column":1}},"131":{"start":{"line":132,"column":0},"end":{"line":132,"column":0}},"132":{"start":{"line":133,"column":0},"end":{"line":133,"column":39}},"133":{"start":{"line":134,"column":0},"end":{"line":134,"column":33}},"134":{"start":{"line":135,"column":0},"end":{"line":135,"column":1}},"135":{"start":{"line":136,"column":0},"end":{"line":136,"column":0}},"136":{"start":{"line":137,"column":0},"end":{"line":137,"column":46}},"137":{"start":{"line":138,"column":0},"end":{"line":138,"column":42}},"138":{"start":{"line":139,"column":0},"end":{"line":139,"column":46}},"139":{"start":{"line":140,"column":0},"end":{"line":140,"column":19}},"140":{"start":{"line":141,"column":0},"end":{"line":141,"column":24}},"141":{"start":{"line":142,"column":0},"end":{"line":142,"column":18}},"142":{"start":{"line":143,"column":0},"end":{"line":143,"column":116}},"143":{"start":{"line":144,"column":0},"end":{"line":144,"column":84}},"144":{"start":{"line":145,"column":0},"end":{"line":145,"column":90}},"145":{"start":{"line":146,"column":0},"end":{"line":146,"column":82}},"146":{"start":{"line":147,"column":0},"end":{"line":147,"column":6}},"147":{"start":{"line":148,"column":0},"end":{"line":148,"column":30}},"148":{"start":{"line":149,"column":0},"end":{"line":149,"column":17}},"149":{"start":{"line":150,"column":0},"end":{"line":150,"column":1}},"150":{"start":{"line":151,"column":0},"end":{"line":151,"column":0}},"151":{"start":{"line":152,"column":0},"end":{"line":152,"column":38}},"152":{"start":{"line":153,"column":0},"end":{"line":153,"column":12}},"153":{"start":{"line":154,"column":0},"end":{"line":154,"column":18}},"154":{"start":{"line":155,"column":0},"end":{"line":155,"column":23}},"155":{"start":{"line":156,"column":0},"end":{"line":156,"column":15}},"156":{"start":{"line":157,"column":0},"end":{"line":157,"column":20}},"157":{"start":{"line":158,"column":0},"end":{"line":158,"column":26}},"158":{"start":{"line":159,"column":0},"end":{"line":159,"column":62}},"159":{"start":{"line":160,"column":0},"end":{"line":160,"column":25}},"160":{"start":{"line":161,"column":0},"end":{"line":161,"column":26}},"161":{"start":{"line":162,"column":0},"end":{"line":162,"column":27}},"162":{"start":{"line":163,"column":0},"end":{"line":163,"column":58}},"163":{"start":{"line":164,"column":0},"end":{"line":164,"column":24}},"164":{"start":{"line":165,"column":0},"end":{"line":165,"column":24}},"165":{"start":{"line":166,"column":0},"end":{"line":166,"column":25}},"166":{"start":{"line":167,"column":0},"end":{"line":167,"column":25}},"167":{"start":{"line":168,"column":0},"end":{"line":168,"column":26}},"168":{"start":{"line":169,"column":0},"end":{"line":169,"column":32}},"169":{"start":{"line":170,"column":0},"end":{"line":170,"column":36}},"170":{"start":{"line":171,"column":0},"end":{"line":171,"column":26}},"171":{"start":{"line":172,"column":0},"end":{"line":172,"column":6}},"172":{"start":{"line":173,"column":0},"end":{"line":173,"column":1}}},"s":{"0":1,"1":1,"2":1,"3":1,"4":1,"5":1,"6":1,"7":1,"8":1,"9":1,"10":1,"11":1,"12":1,"13":1,"14":1,"15":1,"16":1,"17":1,"18":1,"19":1,"20":1,"21":1,"22":1,"23":1,"24":1,"25":1,"26":1,"27":1,"28":1,"29":1,"30":1,"31":1,"32":31,"33":31,"34":31,"35":1,"36":1,"37":3,"38":3,"39":3,"40":1,"41":1,"42":1,"43":1,"44":1,"45":1,"46":1,"47":1,"48":1,"49":1,"50":1,"51":1,"52":1,"53":1,"54":1,"55":0,"56":0,"57":1,"58":0,"59":0,"60":1,"61":1,"62":10,"63":10,"64":0,"65":0,"66":0,"67":10,"68":10,"69":10,"70":1,"71":1,"72":1,"73":4,"74":4,"75":1,"76":1,"77":11,"78":11,"79":11,"80":11,"81":11,"82":5,"83":5,"84":1,"85":1,"86":3,"87":3,"88":3,"89":1,"90":1,"91":3,"92":3,"93":3,"94":3,"95":3,"96":3,"97":3,"98":3,"99":3,"100":1,"101":1,"102":1,"103":1,"104":2,"105":3,"106":0,"107":0,"108":2,"109":3,"110":1,"111":1,"112":1,"113":1,"114":1,"115":3,"116":3,"117":3,"118":3,"119":3,"120":1,"121":1,"122":1,"123":1,"124":1,"125":1,"126":1,"127":1,"128":1,"129":1,"130":1,"131":1,"132":1,"133":1,"134":1,"135":1,"136":1,"137":1,"138":1,"139":1,"140":1,"141":1,"142":1,"143":1,"144":1,"145":1,"146":1,"147":1,"148":1,"149":1,"150":1,"151":1,"152":7,"153":7,"154":7,"155":7,"156":7,"157":7,"158":7,"159":7,"160":7,"161":7,"162":7,"163":7,"164":7,"165":7,"166":7,"167":7,"168":7,"169":7,"170":7,"171":7,"172":7},"branchMap":{"0":{"type":"branch","line":32,"loc":{"start":{"line":32,"column":7},"end":{"line":35,"column":1}},"locations":[{"start":{"line":32,"column":7},"end":{"line":35,"column":1}}]},"1":{"type":"branch","line":34,"loc":{"start":{"line":34,"column":35},"end":{"line":34,"column":49}},"locations":[{"start":{"line":34,"column":35},"end":{"line":34,"column":49}}]},"2":{"type":"branch","line":34,"loc":{"start":{"line":34,"column":50},"end":{"line":34,"column":58}},"locations":[{"start":{"line":34,"column":50},"end":{"line":34,"column":58}}]},"3":{"type":"branch","line":34,"loc":{"start":{"line":34,"column":59},"end":{"line":34,"column":73}},"locations":[{"start":{"line":34,"column":59},"end":{"line":34,"column":73}}]},"4":{"type":"branch","line":37,"loc":{"start":{"line":37,"column":7},"end":{"line":40,"column":1}},"locations":[{"start":{"line":37,"column":7},"end":{"line":40,"column":1}}]},"5":{"type":"branch","line":39,"loc":{"start":{"line":39,"column":59},"end":{"line":39,"column":73}},"locations":[{"start":{"line":39,"column":59},"end":{"line":39,"column":73}}]},"6":{"type":"branch","line":42,"loc":{"start":{"line":42,"column":7},"end":{"line":71,"column":1}},"locations":[{"start":{"line":42,"column":7},"end":{"line":71,"column":1}}]},"7":{"type":"branch","line":55,"loc":{"start":{"line":55,"column":53},"end":{"line":57,"column":5}},"locations":[{"start":{"line":55,"column":53},"end":{"line":57,"column":5}}]},"8":{"type":"branch","line":58,"loc":{"start":{"line":58,"column":55},"end":{"line":60,"column":5}},"locations":[{"start":{"line":58,"column":55},"end":{"line":60,"column":5}}]},"9":{"type":"branch","line":62,"loc":{"start":{"line":62,"column":38},"end":{"line":70,"column":5}},"locations":[{"start":{"line":62,"column":38},"end":{"line":70,"column":5}}]},"10":{"type":"branch","line":64,"loc":{"start":{"line":64,"column":53},"end":{"line":67,"column":9}},"locations":[{"start":{"line":64,"column":53},"end":{"line":67,"column":9}}]},"11":{"type":"branch","line":69,"loc":{"start":{"line":69,"column":81},"end":{"line":69,"column":85}},"locations":[{"start":{"line":69,"column":81},"end":{"line":69,"column":85}}]},"12":{"type":"branch","line":73,"loc":{"start":{"line":73,"column":7},"end":{"line":75,"column":1}},"locations":[{"start":{"line":73,"column":7},"end":{"line":75,"column":1}}]},"13":{"type":"branch","line":77,"loc":{"start":{"line":77,"column":7},"end":{"line":84,"column":1}},"locations":[{"start":{"line":77,"column":7},"end":{"line":84,"column":1}}]},"14":{"type":"branch","line":78,"loc":{"start":{"line":78,"column":30},"end":{"line":78,"column":39}},"locations":[{"start":{"line":78,"column":30},"end":{"line":78,"column":39}}]},"15":{"type":"branch","line":78,"loc":{"start":{"line":78,"column":38},"end":{"line":79,"column":30}},"locations":[{"start":{"line":78,"column":38},"end":{"line":79,"column":30}}]},"16":{"type":"branch","line":79,"loc":{"start":{"line":79,"column":30},"end":{"line":79,"column":39}},"locations":[{"start":{"line":79,"column":30},"end":{"line":79,"column":39}}]},"17":{"type":"branch","line":79,"loc":{"start":{"line":79,"column":38},"end":{"line":80,"column":30}},"locations":[{"start":{"line":79,"column":38},"end":{"line":80,"column":30}}]},"18":{"type":"branch","line":80,"loc":{"start":{"line":80,"column":30},"end":{"line":80,"column":39}},"locations":[{"start":{"line":80,"column":30},"end":{"line":80,"column":39}}]},"19":{"type":"branch","line":80,"loc":{"start":{"line":80,"column":38},"end":{"line":81,"column":30}},"locations":[{"start":{"line":80,"column":38},"end":{"line":81,"column":30}}]},"20":{"type":"branch","line":81,"loc":{"start":{"line":81,"column":30},"end":{"line":81,"column":39}},"locations":[{"start":{"line":81,"column":30},"end":{"line":81,"column":39}}]},"21":{"type":"branch","line":81,"loc":{"start":{"line":81,"column":38},"end":{"line":82,"column":29}},"locations":[{"start":{"line":81,"column":38},"end":{"line":82,"column":29}}]},"22":{"type":"branch","line":82,"loc":{"start":{"line":82,"column":29},"end":{"line":82,"column":38}},"locations":[{"start":{"line":82,"column":29},"end":{"line":82,"column":38}}]},"23":{"type":"branch","line":82,"loc":{"start":{"line":82,"column":37},"end":{"line":84,"column":1}},"locations":[{"start":{"line":82,"column":37},"end":{"line":84,"column":1}}]},"24":{"type":"branch","line":86,"loc":{"start":{"line":86,"column":7},"end":{"line":89,"column":1}},"locations":[{"start":{"line":86,"column":7},"end":{"line":89,"column":1}}]},"25":{"type":"branch","line":88,"loc":{"start":{"line":88,"column":29},"end":{"line":88,"column":142}},"locations":[{"start":{"line":88,"column":29},"end":{"line":88,"column":142}}]},"26":{"type":"branch","line":88,"loc":{"start":{"line":88,"column":61},"end":{"line":88,"column":97}},"locations":[{"start":{"line":88,"column":61},"end":{"line":88,"column":97}}]},"27":{"type":"branch","line":88,"loc":{"start":{"line":88,"column":98},"end":{"line":88,"column":142}},"locations":[{"start":{"line":88,"column":98},"end":{"line":88,"column":142}}]},"28":{"type":"branch","line":91,"loc":{"start":{"line":91,"column":7},"end":{"line":120,"column":1}},"locations":[{"start":{"line":91,"column":7},"end":{"line":120,"column":1}}]},"29":{"type":"branch","line":93,"loc":{"start":{"line":93,"column":18},"end":{"line":93,"column":31}},"locations":[{"start":{"line":93,"column":18},"end":{"line":93,"column":31}}]},"30":{"type":"branch","line":97,"loc":{"start":{"line":97,"column":41},"end":{"line":97,"column":48}},"locations":[{"start":{"line":97,"column":41},"end":{"line":97,"column":48}}]},"31":{"type":"branch","line":100,"loc":{"start":{"line":100,"column":57},"end":{"line":104,"column":5}},"locations":[{"start":{"line":100,"column":57},"end":{"line":104,"column":5}}]},"32":{"type":"branch","line":104,"loc":{"start":{"line":104,"column":4},"end":{"line":106,"column":48}},"locations":[{"start":{"line":104,"column":4},"end":{"line":106,"column":48}}]},"33":{"type":"branch","line":106,"loc":{"start":{"line":106,"column":49},"end":{"line":106,"column":100}},"locations":[{"start":{"line":106,"column":49},"end":{"line":106,"column":100}}]},"34":{"type":"branch","line":106,"loc":{"start":{"line":106,"column":102},"end":{"line":108,"column":5}},"locations":[{"start":{"line":106,"column":102},"end":{"line":108,"column":5}}]},"35":{"type":"branch","line":108,"loc":{"start":{"line":108,"column":4},"end":{"line":110,"column":29}},"locations":[{"start":{"line":108,"column":4},"end":{"line":110,"column":29}}]},"36":{"type":"branch","line":110,"loc":{"start":{"line":110,"column":29},"end":{"line":116,"column":37}},"locations":[{"start":{"line":110,"column":29},"end":{"line":116,"column":37}}]},"37":{"type":"branch","line":116,"loc":{"start":{"line":116,"column":37},"end":{"line":116,"column":41}},"locations":[{"start":{"line":116,"column":37},"end":{"line":116,"column":41}}]},"38":{"type":"branch","line":117,"loc":{"start":{"line":117,"column":47},"end":{"line":117,"column":51}},"locations":[{"start":{"line":117,"column":47},"end":{"line":117,"column":51}}]},"39":{"type":"branch","line":118,"loc":{"start":{"line":118,"column":59},"end":{"line":118,"column":63}},"locations":[{"start":{"line":118,"column":59},"end":{"line":118,"column":63}}]},"40":{"type":"branch","line":122,"loc":{"start":{"line":122,"column":7},"end":{"line":131,"column":1}},"locations":[{"start":{"line":122,"column":7},"end":{"line":131,"column":1}}]},"41":{"type":"branch","line":133,"loc":{"start":{"line":133,"column":7},"end":{"line":135,"column":1}},"locations":[{"start":{"line":133,"column":7},"end":{"line":135,"column":1}}]},"42":{"type":"branch","line":137,"loc":{"start":{"line":137,"column":7},"end":{"line":150,"column":1}},"locations":[{"start":{"line":137,"column":7},"end":{"line":150,"column":1}}]},"43":{"type":"branch","line":143,"loc":{"start":{"line":143,"column":85},"end":{"line":143,"column":115}},"locations":[{"start":{"line":143,"column":85},"end":{"line":143,"column":115}}]},"44":{"type":"branch","line":144,"loc":{"start":{"line":144,"column":79},"end":{"line":144,"column":83}},"locations":[{"start":{"line":144,"column":79},"end":{"line":144,"column":83}}]},"45":{"type":"branch","line":145,"loc":{"start":{"line":145,"column":85},"end":{"line":145,"column":89}},"locations":[{"start":{"line":145,"column":85},"end":{"line":145,"column":89}}]},"46":{"type":"branch","line":146,"loc":{"start":{"line":146,"column":61},"end":{"line":146,"column":82}},"locations":[{"start":{"line":146,"column":61},"end":{"line":146,"column":82}}]},"47":{"type":"branch","line":152,"loc":{"start":{"line":152,"column":7},"end":{"line":173,"column":1}},"locations":[{"start":{"line":152,"column":7},"end":{"line":173,"column":1}}]}},"b":{"0":[31],"1":[30],"2":[29],"3":[2],"4":[3],"5":[0],"6":[1],"7":[0],"8":[0],"9":[10],"10":[0],"11":[0],"12":[4],"13":[11],"14":[3],"15":[8],"16":[0],"17":[8],"18":[1],"19":[7],"20":[1],"21":[6],"22":[1],"23":[5],"24":[3],"25":[18],"26":[3],"27":[1],"28":[3],"29":[0],"30":[0],"31":[1],"32":[2],"33":[0],"34":[0],"35":[2],"36":[1],"37":[0],"38":[0],"39":[1],"40":[1],"41":[1],"42":[1],"43":[0],"44":[0],"45":[0],"46":[0],"47":[7]},"fnMap":{"0":{"name":"normalizeInteger","decl":{"start":{"line":32,"column":7},"end":{"line":35,"column":1}},"loc":{"start":{"line":32,"column":7},"end":{"line":35,"column":1}},"line":32},"1":{"name":"normalizeFloat","decl":{"start":{"line":37,"column":7},"end":{"line":40,"column":1}},"loc":{"start":{"line":37,"column":7},"end":{"line":40,"column":1}},"line":37},"2":{"name":"validateGameValues","decl":{"start":{"line":42,"column":7},"end":{"line":71,"column":1}},"loc":{"start":{"line":42,"column":7},"end":{"line":71,"column":1}},"line":42},"3":{"name":"getUpgradeCost","decl":{"start":{"line":73,"column":7},"end":{"line":75,"column":1}},"loc":{"start":{"line":73,"column":7},"end":{"line":75,"column":1}},"line":73},"4":{"name":"getCurrentAct","decl":{"start":{"line":77,"column":7},"end":{"line":84,"column":1}},"loc":{"start":{"line":77,"column":7},"end":{"line":84,"column":1}},"line":77},"5":{"name":"hasPendingBoss","decl":{"start":{"line":86,"column":7},"end":{"line":89,"column":1}},"loc":{"start":{"line":86,"column":7},"end":{"line":89,"column":1}},"line":86},"6":{"name":"buyUpgrade","decl":{"start":{"line":91,"column":7},"end":{"line":120,"column":1}},"loc":{"start":{"line":91,"column":7},"end":{"line":120,"column":1}},"line":91},"7":{"name":"calculateEffectiveCPS","decl":{"start":{"line":122,"column":7},"end":{"line":131,"column":1}},"loc":{"start":{"line":122,"column":7},"end":{"line":131,"column":1}},"line":122},"8":{"name":"serializeState","decl":{"start":{"line":133,"column":7},"end":{"line":135,"column":1}},"loc":{"start":{"line":133,"column":7},"end":{"line":135,"column":1}},"line":133},"9":{"name":"deserializeState","decl":{"start":{"line":137,"column":7},"end":{"line":150,"column":1}},"loc":{"start":{"line":137,"column":7},"end":{"line":150,"column":1}},"line":137},"10":{"name":"createInitialState","decl":{"start":{"line":152,"column":7},"end":{"line":173,"column":1}},"loc":{"start":{"line":152,"column":7},"end":{"line":173,"column":1}},"line":152}},"f":{"0":31,"1":3,"2":1,"3":4,"4":11,"5":3,"6":3,"7":1,"8":1,"9":1,"10":7}}
}
